<?xml version="1.0" encoding="UTF-8"?>
<!-- Generated by org.testng.reporters.JUnitReportReporter -->
<testsuite skipped="0" hostname="adminstrator-ThinkPad-L480" name="Second" tests="1" failures="0" timestamp="2020-04-13T17:37:51 IST" time="3.366" errors="0">
  <testcase name="Test_Get" time="3.366" classname="Second"/>
  <system-out/>
</testsuite> <!-- Second -->
