<?xml version="1.0" encoding="UTF-8"?>
<!-- Generated by org.testng.reporters.JUnitReportReporter -->
<testsuite skipped="0" hostname="adminstrator-ThinkPad-L480" name="Post" tests="1" failures="0" timestamp="2020-04-13T17:37:51 IST" time="1.196" errors="0">
  <testcase name="test_post" time="1.196" classname="Post"/>
  <system-out/>
</testsuite> <!-- Post -->
