<?xml version="1.0" encoding="UTF-8"?>
<!-- Generated by org.testng.reporters.JUnitReportReporter -->
<testsuite skipped="0" hostname="adminstrator-ThinkPad-L480" name="GET" tests="2" failures="0" timestamp="2020-04-13T17:37:51 IST" time="1.017" errors="0">
  <testcase name="test_2" time="0.510" classname="GET"/>
  <system-out/>
  <testcase name="test_1" time="0.507" classname="GET"/>
  <system-out/>
</testsuite> <!-- GET -->
